<?xml version="1.0" encoding="UTF-8"?>
<testng-results skipped="3" failed="0" ignored="0" total="3" passed="0">
  <reporter-output>
  </reporter-output>
  <suite name="Default suite" duration-ms="87" started-at="2020-05-29T16:43:33 IST" finished-at="2020-05-29T16:43:33 IST">
    <groups>
    </groups>
    <test name="Default test" duration-ms="87" started-at="2020-05-29T16:43:33 IST" finished-at="2020-05-29T16:43:33 IST">
      <class name="testpage.LoginPage">
        <test-method status="SKIP" signature="f()[pri:0, instance:testpage.LoginPage@49fc609f]" name="f" duration-ms="0" started-at="2020-05-29T16:43:33 IST" finished-at="2020-05-29T16:43:33 IST">
          <exception class="org.openqa.selenium.SessionNotCreatedException">
            <message>
              <![CDATA[session not created: This version of ChromeDriver only supports Chrome version 80
Build info: version: '3.141.59', revision: 'e82be7d358', time: '2018-11-14T08:17:03'
System info: host: 'LAPTOP-EUU5Q1J4', ip: '192.168.0.102', os.name: 'Windows 10', os.arch: 'amd64', os.version: '10.0', java.version: '1.8.0_191'
Driver info: driver.version: ChromeDriver
remote stacktrace: Backtrace:
Ordinal0 [0x01180C83+1707139]
Ordinal0 [0x010E68F1+1075441]
Ordinal0 [0x0105DFC9+516041]
Ordinal0 [0x00FF0554+66900]
Ordinal0 [0x00FECCE2+52450]
Ordinal0 [0x0100BFD7+180183]
Ordinal0 [0x0100BDDD+179677]
Ordinal0 [0x01009D4B+171339]
Ordinal0 [0x00FF1D4A+73034]
Ordinal0 [0x00FF2DC0+77248]
Ordinal0 [0x00FF2D59+77145]
Ordinal0 [0x010FBB67+1162087]
GetHandleVerifier [0x0121A966+508998]
GetHandleVerifier [0x0121A6A4+508292]
GetHandleVerifier [0x0122F7B7+594583]
GetHandleVerifier [0x0121B1D6+511158]
Ordinal0 [0x010F402C+1130540]
Ordinal0 [0x010FD4CB+1168587]
Ordinal0 [0x010FD633+1168947]
Ordinal0 [0x01115B35+1268533]
BaseThreadInitThunk [0x74ED6359+25]
RtlGetAppContainerNamedObjectPath [0x773B7C24+228]
RtlGetAppContainerNamedObjectPath [0x773B7BF4+180]
]]>
            </message>
            <full-stacktrace>
              <![CDATA[org.openqa.selenium.SessionNotCreatedException: session not created: This version of ChromeDriver only supports Chrome version 80
Build info: version: '3.141.59', revision: 'e82be7d358', time: '2018-11-14T08:17:03'
System info: host: 'LAPTOP-EUU5Q1J4', ip: '192.168.0.102', os.name: 'Windows 10', os.arch: 'amd64', os.version: '10.0', java.version: '1.8.0_191'
Driver info: driver.version: ChromeDriver
remote stacktrace: Backtrace:
Ordinal0 [0x01180C83+1707139]
Ordinal0 [0x010E68F1+1075441]
Ordinal0 [0x0105DFC9+516041]
Ordinal0 [0x00FF0554+66900]
Ordinal0 [0x00FECCE2+52450]
Ordinal0 [0x0100BFD7+180183]
Ordinal0 [0x0100BDDD+179677]
Ordinal0 [0x01009D4B+171339]
Ordinal0 [0x00FF1D4A+73034]
Ordinal0 [0x00FF2DC0+77248]
Ordinal0 [0x00FF2D59+77145]
Ordinal0 [0x010FBB67+1162087]
GetHandleVerifier [0x0121A966+508998]
GetHandleVerifier [0x0121A6A4+508292]
GetHandleVerifier [0x0122F7B7+594583]
GetHandleVerifier [0x0121B1D6+511158]
Ordinal0 [0x010F402C+1130540]
Ordinal0 [0x010FD4CB+1168587]
Ordinal0 [0x010FD633+1168947]
Ordinal0 [0x01115B35+1268533]
BaseThreadInitThunk [0x74ED6359+25]
RtlGetAppContainerNamedObjectPath [0x773B7C24+228]
RtlGetAppContainerNamedObjectPath [0x773B7BF4+180]

at sun.reflect.NativeConstructorAccessorImpl.newInstance0(Native Method)
at sun.reflect.NativeConstructorAccessorImpl.newInstance(NativeConstructorAccessorImpl.java:62)
at sun.reflect.DelegatingConstructorAccessorImpl.newInstance(DelegatingConstructorAccessorImpl.java:45)
at java.lang.reflect.Constructor.newInstance(Constructor.java:423)
at org.openqa.selenium.remote.W3CHandshakeResponse.lambda$errorHandler$0(W3CHandshakeResponse.java:62)
at org.openqa.selenium.remote.HandshakeResponse.lambda$getResponseFunction$0(HandshakeResponse.java:30)
at org.openqa.selenium.remote.ProtocolHandshake.lambda$createSession$0(ProtocolHandshake.java:126)
at java.util.stream.ReferencePipeline$3$1.accept(ReferencePipeline.java:193)
at java.util.Spliterators$ArraySpliterator.tryAdvance(Spliterators.java:958)
at java.util.stream.ReferencePipeline.forEachWithCancel(ReferencePipeline.java:126)
at java.util.stream.AbstractPipeline.copyIntoWithCancel(AbstractPipeline.java:498)
at java.util.stream.AbstractPipeline.copyInto(AbstractPipeline.java:485)
at java.util.stream.AbstractPipeline.wrapAndCopyInto(AbstractPipeline.java:471)
at java.util.stream.FindOps$FindOp.evaluateSequential(FindOps.java:152)
at java.util.stream.AbstractPipeline.evaluate(AbstractPipeline.java:234)
at java.util.stream.ReferencePipeline.findFirst(ReferencePipeline.java:464)
at org.openqa.selenium.remote.ProtocolHandshake.createSession(ProtocolHandshake.java:128)
at org.openqa.selenium.remote.ProtocolHandshake.createSession(ProtocolHandshake.java:74)
at org.openqa.selenium.remote.HttpCommandExecutor.execute(HttpCommandExecutor.java:136)
at org.openqa.selenium.remote.service.DriverCommandExecutor.execute(DriverCommandExecutor.java:83)
at org.openqa.selenium.remote.RemoteWebDriver.execute(RemoteWebDriver.java:552)
at org.openqa.selenium.remote.RemoteWebDriver.startSession(RemoteWebDriver.java:213)
at org.openqa.selenium.remote.RemoteWebDriver.<init>(RemoteWebDriver.java:131)
at org.openqa.selenium.chrome.ChromeDriver.<init>(ChromeDriver.java:181)
at org.openqa.selenium.chrome.ChromeDriver.<init>(ChromeDriver.java:168)
at org.openqa.selenium.chrome.ChromeDriver.<init>(ChromeDriver.java:123)
at testpage.BaseClass.beforeSuite(BaseClass.java:20)
at sun.reflect.NativeMethodAccessorImpl.invoke0(Native Method)
at sun.reflect.NativeMethodAccessorImpl.invoke(NativeMethodAccessorImpl.java:62)
at sun.reflect.DelegatingMethodAccessorImpl.invoke(DelegatingMethodAccessorImpl.java:43)
at java.lang.reflect.Method.invoke(Method.java:498)
at org.testng.internal.MethodInvocationHelper.invokeMethod(MethodInvocationHelper.java:133)
at org.testng.internal.MethodInvocationHelper.invokeMethodConsideringTimeout(MethodInvocationHelper.java:62)
at org.testng.internal.ConfigInvoker.invokeConfigurationMethod(ConfigInvoker.java:340)
at org.testng.internal.ConfigInvoker.invokeConfigurations(ConfigInvoker.java:294)
at org.testng.SuiteRunner.privateRun(SuiteRunner.java:345)
at org.testng.SuiteRunner.run(SuiteRunner.java:304)
at org.testng.SuiteRunnerWorker.runSuite(SuiteRunnerWorker.java:53)
at org.testng.SuiteRunnerWorker.run(SuiteRunnerWorker.java:96)
at org.testng.TestNG.runSuitesSequentially(TestNG.java:1180)
at org.testng.TestNG.runSuitesLocally(TestNG.java:1102)
at org.testng.TestNG.runSuites(TestNG.java:1032)
at org.testng.TestNG.run(TestNG.java:1000)
at org.testng.remote.AbstractRemoteTestNG.run(AbstractRemoteTestNG.java:115)
at org.testng.remote.RemoteTestNG.initAndRun(RemoteTestNG.java:251)
at org.testng.remote.RemoteTestNG.main(RemoteTestNG.java:77)
]]>
            </full-stacktrace>
          </exception> <!-- org.openqa.selenium.SessionNotCreatedException -->
          <reporter-output>
          </reporter-output>
        </test-method> <!-- f -->
      </class> <!-- testpage.LoginPage -->
      <class name="testing.LoginTest">
        <test-method status="SKIP" signature="f()[pri:0, instance:testing.LoginTest@cd2dae5]" name="f" duration-ms="0" started-at="2020-05-29T16:43:33 IST" finished-at="2020-05-29T16:43:33 IST">
          <exception class="org.openqa.selenium.SessionNotCreatedException">
            <message>
              <![CDATA[session not created: This version of ChromeDriver only supports Chrome version 80
Build info: version: '3.141.59', revision: 'e82be7d358', time: '2018-11-14T08:17:03'
System info: host: 'LAPTOP-EUU5Q1J4', ip: '192.168.0.102', os.name: 'Windows 10', os.arch: 'amd64', os.version: '10.0', java.version: '1.8.0_191'
Driver info: driver.version: ChromeDriver
remote stacktrace: Backtrace:
Ordinal0 [0x01180C83+1707139]
Ordinal0 [0x010E68F1+1075441]
Ordinal0 [0x0105DFC9+516041]
Ordinal0 [0x00FF0554+66900]
Ordinal0 [0x00FECCE2+52450]
Ordinal0 [0x0100BFD7+180183]
Ordinal0 [0x0100BDDD+179677]
Ordinal0 [0x01009D4B+171339]
Ordinal0 [0x00FF1D4A+73034]
Ordinal0 [0x00FF2DC0+77248]
Ordinal0 [0x00FF2D59+77145]
Ordinal0 [0x010FBB67+1162087]
GetHandleVerifier [0x0121A966+508998]
GetHandleVerifier [0x0121A6A4+508292]
GetHandleVerifier [0x0122F7B7+594583]
GetHandleVerifier [0x0121B1D6+511158]
Ordinal0 [0x010F402C+1130540]
Ordinal0 [0x010FD4CB+1168587]
Ordinal0 [0x010FD633+1168947]
Ordinal0 [0x01115B35+1268533]
BaseThreadInitThunk [0x74ED6359+25]
RtlGetAppContainerNamedObjectPath [0x773B7C24+228]
RtlGetAppContainerNamedObjectPath [0x773B7BF4+180]
]]>
            </message>
            <full-stacktrace>
              <![CDATA[org.openqa.selenium.SessionNotCreatedException: session not created: This version of ChromeDriver only supports Chrome version 80
Build info: version: '3.141.59', revision: 'e82be7d358', time: '2018-11-14T08:17:03'
System info: host: 'LAPTOP-EUU5Q1J4', ip: '192.168.0.102', os.name: 'Windows 10', os.arch: 'amd64', os.version: '10.0', java.version: '1.8.0_191'
Driver info: driver.version: ChromeDriver
remote stacktrace: Backtrace:
Ordinal0 [0x01180C83+1707139]
Ordinal0 [0x010E68F1+1075441]
Ordinal0 [0x0105DFC9+516041]
Ordinal0 [0x00FF0554+66900]
Ordinal0 [0x00FECCE2+52450]
Ordinal0 [0x0100BFD7+180183]
Ordinal0 [0x0100BDDD+179677]
Ordinal0 [0x01009D4B+171339]
Ordinal0 [0x00FF1D4A+73034]
Ordinal0 [0x00FF2DC0+77248]
Ordinal0 [0x00FF2D59+77145]
Ordinal0 [0x010FBB67+1162087]
GetHandleVerifier [0x0121A966+508998]
GetHandleVerifier [0x0121A6A4+508292]
GetHandleVerifier [0x0122F7B7+594583]
GetHandleVerifier [0x0121B1D6+511158]
Ordinal0 [0x010F402C+1130540]
Ordinal0 [0x010FD4CB+1168587]
Ordinal0 [0x010FD633+1168947]
Ordinal0 [0x01115B35+1268533]
BaseThreadInitThunk [0x74ED6359+25]
RtlGetAppContainerNamedObjectPath [0x773B7C24+228]
RtlGetAppContainerNamedObjectPath [0x773B7BF4+180]

at sun.reflect.NativeConstructorAccessorImpl.newInstance0(Native Method)
at sun.reflect.NativeConstructorAccessorImpl.newInstance(NativeConstructorAccessorImpl.java:62)
at sun.reflect.DelegatingConstructorAccessorImpl.newInstance(DelegatingConstructorAccessorImpl.java:45)
at java.lang.reflect.Constructor.newInstance(Constructor.java:423)
at org.openqa.selenium.remote.W3CHandshakeResponse.lambda$errorHandler$0(W3CHandshakeResponse.java:62)
at org.openqa.selenium.remote.HandshakeResponse.lambda$getResponseFunction$0(HandshakeResponse.java:30)
at org.openqa.selenium.remote.ProtocolHandshake.lambda$createSession$0(ProtocolHandshake.java:126)
at java.util.stream.ReferencePipeline$3$1.accept(ReferencePipeline.java:193)
at java.util.Spliterators$ArraySpliterator.tryAdvance(Spliterators.java:958)
at java.util.stream.ReferencePipeline.forEachWithCancel(ReferencePipeline.java:126)
at java.util.stream.AbstractPipeline.copyIntoWithCancel(AbstractPipeline.java:498)
at java.util.stream.AbstractPipeline.copyInto(AbstractPipeline.java:485)
at java.util.stream.AbstractPipeline.wrapAndCopyInto(AbstractPipeline.java:471)
at java.util.stream.FindOps$FindOp.evaluateSequential(FindOps.java:152)
at java.util.stream.AbstractPipeline.evaluate(AbstractPipeline.java:234)
at java.util.stream.ReferencePipeline.findFirst(ReferencePipeline.java:464)
at org.openqa.selenium.remote.ProtocolHandshake.createSession(ProtocolHandshake.java:128)
at org.openqa.selenium.remote.ProtocolHandshake.createSession(ProtocolHandshake.java:74)
at org.openqa.selenium.remote.HttpCommandExecutor.execute(HttpCommandExecutor.java:136)
at org.openqa.selenium.remote.service.DriverCommandExecutor.execute(DriverCommandExecutor.java:83)
at org.openqa.selenium.remote.RemoteWebDriver.execute(RemoteWebDriver.java:552)
at org.openqa.selenium.remote.RemoteWebDriver.startSession(RemoteWebDriver.java:213)
at org.openqa.selenium.remote.RemoteWebDriver.<init>(RemoteWebDriver.java:131)
at org.openqa.selenium.chrome.ChromeDriver.<init>(ChromeDriver.java:181)
at org.openqa.selenium.chrome.ChromeDriver.<init>(ChromeDriver.java:168)
at org.openqa.selenium.chrome.ChromeDriver.<init>(ChromeDriver.java:123)
at testpage.BaseClass.beforeSuite(BaseClass.java:20)
at sun.reflect.NativeMethodAccessorImpl.invoke0(Native Method)
at sun.reflect.NativeMethodAccessorImpl.invoke(NativeMethodAccessorImpl.java:62)
at sun.reflect.DelegatingMethodAccessorImpl.invoke(DelegatingMethodAccessorImpl.java:43)
at java.lang.reflect.Method.invoke(Method.java:498)
at org.testng.internal.MethodInvocationHelper.invokeMethod(MethodInvocationHelper.java:133)
at org.testng.internal.MethodInvocationHelper.invokeMethodConsideringTimeout(MethodInvocationHelper.java:62)
at org.testng.internal.ConfigInvoker.invokeConfigurationMethod(ConfigInvoker.java:340)
at org.testng.internal.ConfigInvoker.invokeConfigurations(ConfigInvoker.java:294)
at org.testng.SuiteRunner.privateRun(SuiteRunner.java:345)
at org.testng.SuiteRunner.run(SuiteRunner.java:304)
at org.testng.SuiteRunnerWorker.runSuite(SuiteRunnerWorker.java:53)
at org.testng.SuiteRunnerWorker.run(SuiteRunnerWorker.java:96)
at org.testng.TestNG.runSuitesSequentially(TestNG.java:1180)
at org.testng.TestNG.runSuitesLocally(TestNG.java:1102)
at org.testng.TestNG.runSuites(TestNG.java:1032)
at org.testng.TestNG.run(TestNG.java:1000)
at org.testng.remote.AbstractRemoteTestNG.run(AbstractRemoteTestNG.java:115)
at org.testng.remote.RemoteTestNG.initAndRun(RemoteTestNG.java:251)
at org.testng.remote.RemoteTestNG.main(RemoteTestNG.java:77)
]]>
            </full-stacktrace>
          </exception> <!-- org.openqa.selenium.SessionNotCreatedException -->
          <reporter-output>
          </reporter-output>
        </test-method> <!-- f -->
      </class> <!-- testing.LoginTest -->
      <class name="testpage.BaseClass">
        <test-method status="FAIL" signature="beforeSuite()[pri:0, instance:testpage.BaseClass@3d99d22e]" name="beforeSuite" is-config="true" duration-ms="3046" started-at="2020-05-29T16:43:30 IST" finished-at="2020-05-29T16:43:33 IST">
          <exception class="org.openqa.selenium.SessionNotCreatedException">
            <message>
              <![CDATA[session not created: This version of ChromeDriver only supports Chrome version 80
Build info: version: '3.141.59', revision: 'e82be7d358', time: '2018-11-14T08:17:03'
System info: host: 'LAPTOP-EUU5Q1J4', ip: '192.168.0.102', os.name: 'Windows 10', os.arch: 'amd64', os.version: '10.0', java.version: '1.8.0_191'
Driver info: driver.version: ChromeDriver
remote stacktrace: Backtrace:
Ordinal0 [0x01180C83+1707139]
Ordinal0 [0x010E68F1+1075441]
Ordinal0 [0x0105DFC9+516041]
Ordinal0 [0x00FF0554+66900]
Ordinal0 [0x00FECCE2+52450]
Ordinal0 [0x0100BFD7+180183]
Ordinal0 [0x0100BDDD+179677]
Ordinal0 [0x01009D4B+171339]
Ordinal0 [0x00FF1D4A+73034]
Ordinal0 [0x00FF2DC0+77248]
Ordinal0 [0x00FF2D59+77145]
Ordinal0 [0x010FBB67+1162087]
GetHandleVerifier [0x0121A966+508998]
GetHandleVerifier [0x0121A6A4+508292]
GetHandleVerifier [0x0122F7B7+594583]
GetHandleVerifier [0x0121B1D6+511158]
Ordinal0 [0x010F402C+1130540]
Ordinal0 [0x010FD4CB+1168587]
Ordinal0 [0x010FD633+1168947]
Ordinal0 [0x01115B35+1268533]
BaseThreadInitThunk [0x74ED6359+25]
RtlGetAppContainerNamedObjectPath [0x773B7C24+228]
RtlGetAppContainerNamedObjectPath [0x773B7BF4+180]
]]>
            </message>
            <full-stacktrace>
              <![CDATA[org.openqa.selenium.SessionNotCreatedException: session not created: This version of ChromeDriver only supports Chrome version 80
Build info: version: '3.141.59', revision: 'e82be7d358', time: '2018-11-14T08:17:03'
System info: host: 'LAPTOP-EUU5Q1J4', ip: '192.168.0.102', os.name: 'Windows 10', os.arch: 'amd64', os.version: '10.0', java.version: '1.8.0_191'
Driver info: driver.version: ChromeDriver
remote stacktrace: Backtrace:
Ordinal0 [0x01180C83+1707139]
Ordinal0 [0x010E68F1+1075441]
Ordinal0 [0x0105DFC9+516041]
Ordinal0 [0x00FF0554+66900]
Ordinal0 [0x00FECCE2+52450]
Ordinal0 [0x0100BFD7+180183]
Ordinal0 [0x0100BDDD+179677]
Ordinal0 [0x01009D4B+171339]
Ordinal0 [0x00FF1D4A+73034]
Ordinal0 [0x00FF2DC0+77248]
Ordinal0 [0x00FF2D59+77145]
Ordinal0 [0x010FBB67+1162087]
GetHandleVerifier [0x0121A966+508998]
GetHandleVerifier [0x0121A6A4+508292]
GetHandleVerifier [0x0122F7B7+594583]
GetHandleVerifier [0x0121B1D6+511158]
Ordinal0 [0x010F402C+1130540]
Ordinal0 [0x010FD4CB+1168587]
Ordinal0 [0x010FD633+1168947]
Ordinal0 [0x01115B35+1268533]
BaseThreadInitThunk [0x74ED6359+25]
RtlGetAppContainerNamedObjectPath [0x773B7C24+228]
RtlGetAppContainerNamedObjectPath [0x773B7BF4+180]

at sun.reflect.NativeConstructorAccessorImpl.newInstance0(Native Method)
at sun.reflect.NativeConstructorAccessorImpl.newInstance(NativeConstructorAccessorImpl.java:62)
at sun.reflect.DelegatingConstructorAccessorImpl.newInstance(DelegatingConstructorAccessorImpl.java:45)
at java.lang.reflect.Constructor.newInstance(Constructor.java:423)
at org.openqa.selenium.remote.W3CHandshakeResponse.lambda$errorHandler$0(W3CHandshakeResponse.java:62)
at org.openqa.selenium.remote.HandshakeResponse.lambda$getResponseFunction$0(HandshakeResponse.java:30)
at org.openqa.selenium.remote.ProtocolHandshake.lambda$createSession$0(ProtocolHandshake.java:126)
at java.util.stream.ReferencePipeline$3$1.accept(ReferencePipeline.java:193)
at java.util.Spliterators$ArraySpliterator.tryAdvance(Spliterators.java:958)
at java.util.stream.ReferencePipeline.forEachWithCancel(ReferencePipeline.java:126)
at java.util.stream.AbstractPipeline.copyIntoWithCancel(AbstractPipeline.java:498)
at java.util.stream.AbstractPipeline.copyInto(AbstractPipeline.java:485)
at java.util.stream.AbstractPipeline.wrapAndCopyInto(AbstractPipeline.java:471)
at java.util.stream.FindOps$FindOp.evaluateSequential(FindOps.java:152)
at java.util.stream.AbstractPipeline.evaluate(AbstractPipeline.java:234)
at java.util.stream.ReferencePipeline.findFirst(ReferencePipeline.java:464)
at org.openqa.selenium.remote.ProtocolHandshake.createSession(ProtocolHandshake.java:128)
at org.openqa.selenium.remote.ProtocolHandshake.createSession(ProtocolHandshake.java:74)
at org.openqa.selenium.remote.HttpCommandExecutor.execute(HttpCommandExecutor.java:136)
at org.openqa.selenium.remote.service.DriverCommandExecutor.execute(DriverCommandExecutor.java:83)
at org.openqa.selenium.remote.RemoteWebDriver.execute(RemoteWebDriver.java:552)
at org.openqa.selenium.remote.RemoteWebDriver.startSession(RemoteWebDriver.java:213)
at org.openqa.selenium.remote.RemoteWebDriver.<init>(RemoteWebDriver.java:131)
at org.openqa.selenium.chrome.ChromeDriver.<init>(ChromeDriver.java:181)
at org.openqa.selenium.chrome.ChromeDriver.<init>(ChromeDriver.java:168)
at org.openqa.selenium.chrome.ChromeDriver.<init>(ChromeDriver.java:123)
at testpage.BaseClass.beforeSuite(BaseClass.java:20)
at sun.reflect.NativeMethodAccessorImpl.invoke0(Native Method)
at sun.reflect.NativeMethodAccessorImpl.invoke(NativeMethodAccessorImpl.java:62)
at sun.reflect.DelegatingMethodAccessorImpl.invoke(DelegatingMethodAccessorImpl.java:43)
at java.lang.reflect.Method.invoke(Method.java:498)
at org.testng.internal.MethodInvocationHelper.invokeMethod(MethodInvocationHelper.java:133)
at org.testng.internal.MethodInvocationHelper.invokeMethodConsideringTimeout(MethodInvocationHelper.java:62)
at org.testng.internal.ConfigInvoker.invokeConfigurationMethod(ConfigInvoker.java:340)
at org.testng.internal.ConfigInvoker.invokeConfigurations(ConfigInvoker.java:294)
at org.testng.SuiteRunner.privateRun(SuiteRunner.java:345)
at org.testng.SuiteRunner.run(SuiteRunner.java:304)
at org.testng.SuiteRunnerWorker.runSuite(SuiteRunnerWorker.java:53)
at org.testng.SuiteRunnerWorker.run(SuiteRunnerWorker.java:96)
at org.testng.TestNG.runSuitesSequentially(TestNG.java:1180)
at org.testng.TestNG.runSuitesLocally(TestNG.java:1102)
at org.testng.TestNG.runSuites(TestNG.java:1032)
at org.testng.TestNG.run(TestNG.java:1000)
at org.testng.remote.AbstractRemoteTestNG.run(AbstractRemoteTestNG.java:115)
at org.testng.remote.RemoteTestNG.initAndRun(RemoteTestNG.java:251)
at org.testng.remote.RemoteTestNG.main(RemoteTestNG.java:77)
]]>
            </full-stacktrace>
          </exception> <!-- org.openqa.selenium.SessionNotCreatedException -->
          <reporter-output>
          </reporter-output>
        </test-method> <!-- beforeSuite -->
        <test-method status="SKIP" signature="afterSuite()[pri:0, instance:testpage.BaseClass@3d99d22e]" name="afterSuite" is-config="true" duration-ms="-1590750813404" started-at="2020-05-29T16:43:33 IST" finished-at="1970-01-01T05:30:00 IST">
          <reporter-output>
          </reporter-output>
        </test-method> <!-- afterSuite -->
      </class> <!-- testpage.BaseClass -->
      <class name="testpage.ExcelUtilities">
        <test-method status="SKIP" signature="f()[pri:0, instance:testpage.ExcelUtilities@3a883ce7]" name="f" duration-ms="0" started-at="2020-05-29T16:43:33 IST" finished-at="2020-05-29T16:43:33 IST">
          <exception class="org.openqa.selenium.SessionNotCreatedException">
            <message>
              <![CDATA[session not created: This version of ChromeDriver only supports Chrome version 80
Build info: version: '3.141.59', revision: 'e82be7d358', time: '2018-11-14T08:17:03'
System info: host: 'LAPTOP-EUU5Q1J4', ip: '192.168.0.102', os.name: 'Windows 10', os.arch: 'amd64', os.version: '10.0', java.version: '1.8.0_191'
Driver info: driver.version: ChromeDriver
remote stacktrace: Backtrace:
Ordinal0 [0x01180C83+1707139]
Ordinal0 [0x010E68F1+1075441]
Ordinal0 [0x0105DFC9+516041]
Ordinal0 [0x00FF0554+66900]
Ordinal0 [0x00FECCE2+52450]
Ordinal0 [0x0100BFD7+180183]
Ordinal0 [0x0100BDDD+179677]
Ordinal0 [0x01009D4B+171339]
Ordinal0 [0x00FF1D4A+73034]
Ordinal0 [0x00FF2DC0+77248]
Ordinal0 [0x00FF2D59+77145]
Ordinal0 [0x010FBB67+1162087]
GetHandleVerifier [0x0121A966+508998]
GetHandleVerifier [0x0121A6A4+508292]
GetHandleVerifier [0x0122F7B7+594583]
GetHandleVerifier [0x0121B1D6+511158]
Ordinal0 [0x010F402C+1130540]
Ordinal0 [0x010FD4CB+1168587]
Ordinal0 [0x010FD633+1168947]
Ordinal0 [0x01115B35+1268533]
BaseThreadInitThunk [0x74ED6359+25]
RtlGetAppContainerNamedObjectPath [0x773B7C24+228]
RtlGetAppContainerNamedObjectPath [0x773B7BF4+180]
]]>
            </message>
            <full-stacktrace>
              <![CDATA[org.openqa.selenium.SessionNotCreatedException: session not created: This version of ChromeDriver only supports Chrome version 80
Build info: version: '3.141.59', revision: 'e82be7d358', time: '2018-11-14T08:17:03'
System info: host: 'LAPTOP-EUU5Q1J4', ip: '192.168.0.102', os.name: 'Windows 10', os.arch: 'amd64', os.version: '10.0', java.version: '1.8.0_191'
Driver info: driver.version: ChromeDriver
remote stacktrace: Backtrace:
Ordinal0 [0x01180C83+1707139]
Ordinal0 [0x010E68F1+1075441]
Ordinal0 [0x0105DFC9+516041]
Ordinal0 [0x00FF0554+66900]
Ordinal0 [0x00FECCE2+52450]
Ordinal0 [0x0100BFD7+180183]
Ordinal0 [0x0100BDDD+179677]
Ordinal0 [0x01009D4B+171339]
Ordinal0 [0x00FF1D4A+73034]
Ordinal0 [0x00FF2DC0+77248]
Ordinal0 [0x00FF2D59+77145]
Ordinal0 [0x010FBB67+1162087]
GetHandleVerifier [0x0121A966+508998]
GetHandleVerifier [0x0121A6A4+508292]
GetHandleVerifier [0x0122F7B7+594583]
GetHandleVerifier [0x0121B1D6+511158]
Ordinal0 [0x010F402C+1130540]
Ordinal0 [0x010FD4CB+1168587]
Ordinal0 [0x010FD633+1168947]
Ordinal0 [0x01115B35+1268533]
BaseThreadInitThunk [0x74ED6359+25]
RtlGetAppContainerNamedObjectPath [0x773B7C24+228]
RtlGetAppContainerNamedObjectPath [0x773B7BF4+180]

at sun.reflect.NativeConstructorAccessorImpl.newInstance0(Native Method)
at sun.reflect.NativeConstructorAccessorImpl.newInstance(NativeConstructorAccessorImpl.java:62)
at sun.reflect.DelegatingConstructorAccessorImpl.newInstance(DelegatingConstructorAccessorImpl.java:45)
at java.lang.reflect.Constructor.newInstance(Constructor.java:423)
at org.openqa.selenium.remote.W3CHandshakeResponse.lambda$errorHandler$0(W3CHandshakeResponse.java:62)
at org.openqa.selenium.remote.HandshakeResponse.lambda$getResponseFunction$0(HandshakeResponse.java:30)
at org.openqa.selenium.remote.ProtocolHandshake.lambda$createSession$0(ProtocolHandshake.java:126)
at java.util.stream.ReferencePipeline$3$1.accept(ReferencePipeline.java:193)
at java.util.Spliterators$ArraySpliterator.tryAdvance(Spliterators.java:958)
at java.util.stream.ReferencePipeline.forEachWithCancel(ReferencePipeline.java:126)
at java.util.stream.AbstractPipeline.copyIntoWithCancel(AbstractPipeline.java:498)
at java.util.stream.AbstractPipeline.copyInto(AbstractPipeline.java:485)
at java.util.stream.AbstractPipeline.wrapAndCopyInto(AbstractPipeline.java:471)
at java.util.stream.FindOps$FindOp.evaluateSequential(FindOps.java:152)
at java.util.stream.AbstractPipeline.evaluate(AbstractPipeline.java:234)
at java.util.stream.ReferencePipeline.findFirst(ReferencePipeline.java:464)
at org.openqa.selenium.remote.ProtocolHandshake.createSession(ProtocolHandshake.java:128)
at org.openqa.selenium.remote.ProtocolHandshake.createSession(ProtocolHandshake.java:74)
at org.openqa.selenium.remote.HttpCommandExecutor.execute(HttpCommandExecutor.java:136)
at org.openqa.selenium.remote.service.DriverCommandExecutor.execute(DriverCommandExecutor.java:83)
at org.openqa.selenium.remote.RemoteWebDriver.execute(RemoteWebDriver.java:552)
at org.openqa.selenium.remote.RemoteWebDriver.startSession(RemoteWebDriver.java:213)
at org.openqa.selenium.remote.RemoteWebDriver.<init>(RemoteWebDriver.java:131)
at org.openqa.selenium.chrome.ChromeDriver.<init>(ChromeDriver.java:181)
at org.openqa.selenium.chrome.ChromeDriver.<init>(ChromeDriver.java:168)
at org.openqa.selenium.chrome.ChromeDriver.<init>(ChromeDriver.java:123)
at testpage.BaseClass.beforeSuite(BaseClass.java:20)
at sun.reflect.NativeMethodAccessorImpl.invoke0(Native Method)
at sun.reflect.NativeMethodAccessorImpl.invoke(NativeMethodAccessorImpl.java:62)
at sun.reflect.DelegatingMethodAccessorImpl.invoke(DelegatingMethodAccessorImpl.java:43)
at java.lang.reflect.Method.invoke(Method.java:498)
at org.testng.internal.MethodInvocationHelper.invokeMethod(MethodInvocationHelper.java:133)
at org.testng.internal.MethodInvocationHelper.invokeMethodConsideringTimeout(MethodInvocationHelper.java:62)
at org.testng.internal.ConfigInvoker.invokeConfigurationMethod(ConfigInvoker.java:340)
at org.testng.internal.ConfigInvoker.invokeConfigurations(ConfigInvoker.java:294)
at org.testng.SuiteRunner.privateRun(SuiteRunner.java:345)
at org.testng.SuiteRunner.run(SuiteRunner.java:304)
at org.testng.SuiteRunnerWorker.runSuite(SuiteRunnerWorker.java:53)
at org.testng.SuiteRunnerWorker.run(SuiteRunnerWorker.java:96)
at org.testng.TestNG.runSuitesSequentially(TestNG.java:1180)
at org.testng.TestNG.runSuitesLocally(TestNG.java:1102)
at org.testng.TestNG.runSuites(TestNG.java:1032)
at org.testng.TestNG.run(TestNG.java:1000)
at org.testng.remote.AbstractRemoteTestNG.run(AbstractRemoteTestNG.java:115)
at org.testng.remote.RemoteTestNG.initAndRun(RemoteTestNG.java:251)
at org.testng.remote.RemoteTestNG.main(RemoteTestNG.java:77)
]]>
            </full-stacktrace>
          </exception> <!-- org.openqa.selenium.SessionNotCreatedException -->
          <reporter-output>
          </reporter-output>
        </test-method> <!-- f -->
      </class> <!-- testpage.ExcelUtilities -->
    </test> <!-- Default test -->
  </suite> <!-- Default suite -->
</testng-results>
